▲ Next.js 16.2.9 (webpack)
- Local:         http://localhost:3000
- Network:       http://192.168.100.138:3000
✓ Ready in 603ms

 GET / 200 in 2.2s (next.js: 1792ms, application-code: 441ms)
 GET / 200 in 63ms (next.js: 10ms, application-code: 54ms)
 GET / 200 in 54ms (next.js: 5ms, application-code: 49ms)
 GET / 200 in 62ms (next.js: 4ms, application-code: 58ms)
 POST /api/videos/import 500 in 2.1s (next.js: 1979ms, application-code: 144ms)
 GET / 200 in 98ms (next.js: 44ms, application-code: 54ms)
 GET / 200 in 25ms (next.js: 2ms, application-code: 23ms)
  Reload env: .env.local
 GET / 200 in 255ms (next.js: 152ms, application-code: 103ms)
 GET / 200 in 49ms (next.js: 4ms, application-code: 45ms)
 GET / 200 in 238ms (next.js: 6ms, application-code: 232ms)
 GET / 200 in 427ms (next.js: 220ms, application-code: 207ms)
 GET / 200 in 127ms (next.js: 4ms, application-code: 122ms)
 POST /api/videos/import 500 in 822ms (next.js: 501ms, application-code: 320ms)
 GET / 200 in 135ms (next.js: 8ms, application-code: 127ms)
 GET / 200 in 308ms (next.js: 78ms, application-code: 230ms)
 GET / 200 in 103ms (next.js: 7ms, application-code: 96ms)
 GET / 200 in 60ms (next.js: 4ms, application-code: 56ms)
 GET / 200 in 111ms (next.js: 3ms, application-code: 109ms)
 GET / 200 in 56ms (next.js: 5ms, application-code: 51ms)
 POST /api/videos/import 500 in 21ms (next.js: 1840µs, application-code: 20ms)
 POST /api/videos/import 500 in 19ms (next.js: 3ms, application-code: 16ms)
 GET / 200 in 86ms (next.js: 5ms, application-code: 81ms)
 POST /api/videos/import 500 in 28ms (next.js: 5ms, application-code: 23ms)
 GET / 200 in 62ms (next.js: 3ms, application-code: 59ms)
 POST /api/videos/import 500 in 27ms (next.js: 5ms, application-code: 22ms)
 GET / 200 in 70ms (next.js: 4ms, application-code: 66ms)
 GET / 200 in 76ms (next.js: 4ms, application-code: 72ms)
 GET / 200 in 80ms (next.js: 4ms, application-code: 75ms)
 POST /api/videos/import 500 in 22ms (next.js: 3ms, application-code: 19ms)
 GET / 200 in 67ms (next.js: 5ms, application-code: 62ms)
 GET / 200 in 48ms (next.js: 6ms, application-code: 42ms)
 GET / 200 in 36ms (next.js: 3ms, application-code: 33ms)
 POST /api/videos/import 500 in 26ms (next.js: 5ms, application-code: 21ms)
 GET / 200 in 54ms (next.js: 3ms, application-code: 51ms)
 GET / 200 in 82ms (next.js: 5ms, application-code: 77ms)
 GET / 200 in 45ms (next.js: 4ms, application-code: 41ms)
 POST /api/videos/import 500 in 15ms (next.js: 3ms, application-code: 12ms)
 POST /api/videos/import 500 in 13ms (next.js: 1607µs, application-code: 12ms)
 GET / 200 in 56ms (next.js: 4ms, application-code: 53ms)
 GET / 200 in 96ms (next.js: 5ms, application-code: 92ms)
 POST /api/videos/import 500 in 27ms (next.js: 4ms, application-code: 23ms)
 POST /api/videos/import 500 in 14ms (next.js: 2ms, application-code: 12ms)
 GET / 200 in 87ms (next.js: 5ms, application-code: 82ms)
 GET / 200 in 44ms (next.js: 4ms, application-code: 40ms)
 GET / 200 in 53ms (next.js: 3ms, application-code: 50ms)
 GET / 200 in 45ms (next.js: 3ms, application-code: 42ms)
 GET / 200 in 50ms (next.js: 3ms, application-code: 47ms)
 GET / 200 in 46ms (next.js: 3ms, application-code: 43ms)
 GET / 200 in 78ms (next.js: 5ms, application-code: 73ms)
 POST /api/videos/import 500 in 20ms (next.js: 3ms, application-code: 17ms)
 GET / 200 in 79ms (next.js: 3ms, application-code: 75ms)
 GET / 200 in 47ms (next.js: 3ms, application-code: 44ms)
  Reload env: .env
 GET / 200 in 330ms (next.js: 221ms, application-code: 109ms)
 GET / 200 in 41ms (next.js: 4ms, application-code: 38ms)
 POST /api/videos/import 500 in 94ms (next.js: 72ms, application-code: 22ms)
 GET / 200 in 144ms (next.js: 3ms, application-code: 141ms)
 GET / 200 in 62ms (next.js: 6ms, application-code: 56ms)
 GET / 200 in 58ms (next.js: 4ms, application-code: 53ms)
 POST /api/videos/import 500 in 17ms (next.js: 4ms, application-code: 14ms)
 GET / 200 in 38ms (next.js: 2ms, application-code: 36ms)
 GET / 200 in 45ms (next.js: 3ms, application-code: 42ms)
 POST /api/videos/import 500 in 15ms (next.js: 3ms, application-code: 12ms)
 POST /api/videos/import 500 in 15ms (next.js: 2ms, application-code: 12ms)
 GET / 200 in 35ms (next.js: 1935µs, application-code: 33ms)
 POST /api/videos/import 500 in 11ms (next.js: 1874µs, application-code: 9ms)
 GET / 200 in 42ms (next.js: 2ms, application-code: 40ms)
 GET / 200 in 280ms (next.js: 170ms, application-code: 109ms)
 GET / 200 in 52ms (next.js: 4ms, application-code: 48ms)
 GET / 200 in 75ms (next.js: 4ms, application-code: 71ms)
 GET / 200 in 37ms (next.js: 3ms, application-code: 34ms)
 GET / 200 in 87ms (next.js: 5ms, application-code: 81ms)
 GET / 200 in 51ms (next.js: 3ms, application-code: 48ms)
 POST /api/videos/import 500 in 114ms (next.js: 78ms, application-code: 35ms)
 GET / 200 in 107ms (next.js: 2ms, application-code: 105ms)
 POST /api/videos/import 500 in 41ms (next.js: 8ms, application-code: 32ms)
 GET / 200 in 47ms (next.js: 4ms, application-code: 42ms)
 GET / 200 in 40ms (next.js: 3ms, application-code: 38ms)
 GET / 200 in 69ms (next.js: 6ms, application-code: 64ms)
 GET / 200 in 35ms (next.js: 3ms, application-code: 32ms)
 GET / 200 in 67ms (next.js: 5ms, application-code: 62ms)
 GET / 200 in 34ms (next.js: 4ms, application-code: 30ms)
 GET / 200 in 119ms (next.js: 4ms, application-code: 115ms)
 GET / 200 in 58ms (next.js: 7ms, application-code: 51ms)
 GET / 200 in 32ms (next.js: 1993µs, application-code: 30ms)
 GET / 200 in 70ms (next.js: 4ms, application-code: 67ms)
 GET / 200 in 32ms (next.js: 3ms, application-code: 29ms)
 GET / 200 in 40ms (next.js: 3ms, application-code: 37ms)
 GET / 200 in 20ms (next.js: 1913µs, application-code: 18ms)
 GET / 200 in 25ms (next.js: 1736µs, application-code: 23ms)
 GET / 200 in 50ms (next.js: 3ms, application-code: 46ms)
 GET / 200 in 29ms (next.js: 3ms, application-code: 27ms)
 GET / 200 in 46ms (next.js: 3ms, application-code: 42ms)
 GET / 200 in 25ms (next.js: 1860µs, application-code: 24ms)
 GET / 200 in 46ms (next.js: 2ms, application-code: 44ms)
 GET / 200 in 25ms (next.js: 1830µs, application-code: 24ms)
 GET / 200 in 43ms (next.js: 4ms, application-code: 39ms)
 GET / 200 in 19ms (next.js: 1628µs, application-code: 17ms)
 GET / 200 in 32ms (next.js: 1685µs, application-code: 30ms)
 GET / 200 in 32ms (next.js: 1951µs, application-code: 30ms)
 GET / 200 in 26ms (next.js: 2ms, application-code: 24ms)
 GET / 200 in 67ms (next.js: 4ms, application-code: 63ms)
 GET / 200 in 25ms (next.js: 3ms, application-code: 21ms)
 GET / 200 in 50ms (next.js: 3ms, application-code: 47ms)
 GET / 200 in 26ms (next.js: 2ms, application-code: 24ms)
 GET / 200 in 63ms (next.js: 2ms, application-code: 61ms)
 GET / 200 in 42ms (next.js: 3ms, application-code: 39ms)
 GET / 200 in 73ms (next.js: 3ms, application-code: 70ms)
 GET / 200 in 51ms (next.js: 3ms, application-code: 48ms)
 GET / 200 in 57ms (next.js: 3ms, application-code: 55ms)
 GET / 200 in 34ms (next.js: 1795µs, application-code: 32ms)
 GET / 200 in 49ms (next.js: 3ms, application-code: 46ms)
 GET / 200 in 27ms (next.js: 2ms, application-code: 25ms)
 GET / 200 in 38ms (next.js: 2ms, application-code: 36ms)
 GET / 200 in 21ms (next.js: 1727µs, application-code: 19ms)
