Error [ZodError]: [
  {
    "expected": "string",
    "code": "invalid_type",
    "path": [
      "DATABASE_URL"
    ],
    "message": "Invalid input"
  }
]
    at getEnv (src\lib\env.ts:13:20)
    at resolveStoragePath (src\lib\storage.ts:7:35)
    at ensureStorageLayout (src\lib\storage.ts:13:14)
    at importYoutubeVideo (src\services\video-import-service.ts:12:28)
    at POST (app\api\videos\import\route.ts:10:43)
  11 |
  12 | export function getEnv() {
> 13 |   return envSchema.parse({
     |                    ^
  14 |     DATABASE_URL: process.env.DATABASE_URL,
  15 |     APP_URL: process.env.APP_URL,
  16 |     STORAGE_ROOT: process.env.STORAGE_ROOT,
[browser] A tree hydrated but some attributes of the server rendered HTML didn't match the client properties. This won't be patched up. This can happen if a SSR-ed Client Component used:

- A server/client branch `if (typeof window !== 'undefined')`.
- Variable input such as `Date.now()` or `Math.random()` which changes each time it's called.
- Date formatting in a user's locale which doesn't match the server.
- External changing data without sending a snapshot of it along with the HTML.
- Invalid HTML tag nesting.

It can also happen if the client has a browser extension installed which messes with the HTML before React loaded.

https://react.dev/link/hydration-mismatch

  ...
    <HotReload globalError={[...]} webSocket={WebSocket} staticIndicatorState={{pathname:null, ...}}>
      <AppDevOverlayErrorBoundary globalError={[...]}>
        <ReplaySsrOnlyErrors>
        <DevRootHTTPAccessFallbackBoundary>
          <HTTPAccessFallbackBoundary notFound={<NotAllowedRootHTTPFallbackError>}>
            <HTTPAccessFallbackErrorBoundary pathname="/" notFound={<NotAllowedRootHTTPFallbackError>} ...>
              <RedirectBoundary>
                <RedirectErrorBoundary router={{...}}>
                  <Head>
                  <__next_root_layout_boundary__>
                    <SegmentViewNode type="layout" pagePath="layout.tsx">
                      <SegmentTrieNode>
                      <link>
                      <RootLayout>
                        <html
                          lang="en"
-                         data-scribe-recorder-ready="true"
-                         className="brand-refresh"
                        >
                          <body
-                           cz-shortcut-listen="true"
                          >
                  ...
 
⚠ Blocked cross-origin request to Next.js dev resource /_next/webpack-hmr from "127.0.0.1".
Cross-origin access to Next.js dev resources is blocked by default for safety.

To allow this host in development, add it to "allowedDevOrigins" in next.config.js and restart the dev server:

// next.config.js
module.exports = {
  allowedDevOrigins: ['127.0.0.1'],
}

Read more: https://nextjs.org/docs/app/api-reference/config/next-config-js/allowedDevOrigins
